<?xml version="1.0" encoding="UTF-8"?>
<!-- Generated by org.testng.reporters.JUnitXMLReporter -->
<testsuite hostname="AnirudhDell" ignored="2" name="Test" tests="3" failures="0" timestamp="17 Sep 2024 03:23:38 GMT" time="14.956" errors="0">
  <testcase name="HRM" time="7.86" classname="com.grp.OrangeHRMTest"/>
  <testcase name="Fb" time="2.472" classname="com.grp.FacebookTest"/>
  <testcase name="IHG" time="4.584" classname="com.grp.IHGTest"/>
  <testcase name="AZ" time="0.0" classname="com.grp.AmazonTest">
    <ignored/>
  </testcase> <!-- AZ -->
  <testcase name="Shop" time="0.0" classname="com.grp.FlipcartTest">
    <ignored/>
  </testcase> <!-- Shop -->
</testsuite> <!-- Test -->
