<?xml version="1.0" encoding="UTF-8"?>
<!-- Generated by org.testng.reporters.JUnitXMLReporter -->
<testsuite ignored="3" hostname="AnirudhDell" failures="0" tests="2" name="Test" time="10.802" errors="0" timestamp="20 Sep 2024 03:57:16 GMT">
  <testcase classname="com.grp.IHGTest" name="IHG" time="8.47"/>
  <testcase classname="com.grp.AmazonTest" name="AZ" time="2.305"/>
  <testcase classname="com.grp.FacebookTest" name="Fb" time="0.0">
    <ignored/>
  </testcase> <!-- Fb -->
  <testcase classname="com.grp.FlipcartTest" name="Shop" time="0.0">
    <ignored/>
  </testcase> <!-- Shop -->
  <testcase classname="com.grp.OrangeHRMTest" name="HRM" time="0.0">
    <ignored/>
  </testcase> <!-- HRM -->
</testsuite> <!-- Test -->
