<?xml version="1.0" encoding="UTF-8"?>
<testsuite xmlns:xsi="http://www.w3.org/2001/XMLSchema-instance" xsi:noNamespaceSchemaLocation="https://maven.apache.org/surefire/maven-surefire-plugin/xsd/surefire-test-report.xsd" name="TestSuite" time="23.394" tests="5" errors="0" skipped="0" failures="0">
  <properties>
[...]
</properties>
  <testcase name="IHG" classname="com.grp.IHGTest" time="8.471"/>
  <testcase name="AZ" classname="com.grp.AmazonTest" time="2.305"/>
  <testcase name="OHRM" classname="com.ng.OrangeHRMTest" time="3.559"/>
  <testcase name="IHG" classname="com.ng.IHGTest" time="4.927"/>
  <testcase name="fb" classname="com.ng.FaceBookTest" time="3.135"/>
</testsuite>