<?xml version="1.0" encoding="UTF-8"?>
<testng-results skipped="0" failed="0" ignored="0" total="1" passed="1">
  <reporter-output>
  </reporter-output>
  <suite name="Default suite" duration-ms="18954" started-at="2024-09-18T04:02:01Z" finished-at="2024-09-18T04:02:20Z">
    <groups>
    </groups>
    <test name="Default test" duration-ms="18954" started-at="2024-09-18T04:02:01Z" finished-at="2024-09-18T04:02:20Z">
      <class name="com.asse.HRMEXTENREPORTSTEST">
        <test-method status="PASS" signature="begin()[pri:0, instance:com.asse.HRMEXTENREPORTSTEST@2a2d45ba]" name="begin" is-config="true" duration-ms="124" started-at="2024-09-17T23:02:01Z" finished-at="2024-09-17T23:02:01Z">
          <reporter-output>
          </reporter-output>
        </test-method> <!-- begin -->
        <test-method status="PASS" signature="hrm()[pri:0, instance:com.asse.HRMEXTENREPORTSTEST@2a2d45ba]" name="hrm" duration-ms="18931" started-at="2024-09-17T23:02:01Z" finished-at="2024-09-17T23:02:20Z">
          <reporter-output>
          </reporter-output>
        </test-method> <!-- hrm -->
        <test-method status="PASS" signature="end()[pri:0, instance:com.asse.HRMEXTENREPORTSTEST@2a2d45ba]" name="end" is-config="true" duration-ms="495" started-at="2024-09-17T23:02:20Z" finished-at="2024-09-17T23:02:21Z">
          <reporter-output>
          </reporter-output>
        </test-method> <!-- end -->
      </class> <!-- com.asse.HRMEXTENREPORTSTEST -->
    </test> <!-- Default test -->
  </suite> <!-- Default suite -->
</testng-results>
